<?xml version="1.0" encoding="UTF-8"?>
<!-- Generated by org.testng.reporters.JUnitReportReporter -->
<testsuite skipped="0" hostname="DESKTOP-G2F8N5K" name="prec.Grouping" tests="4" failures="0" timestamp="11 Apr 2019 02:57:26 GMT" time="0.009" errors="0">
  <testcase name="talentTEK1" time="0.001" classname="prec.Grouping"/>
  <testcase name="Consulting2" time="0.006" classname="prec.Grouping"/>
  <testcase name="talentTEK2" time="0.001" classname="prec.Grouping"/>
  <testcase name="talentTEK_Consulting" time="0.001" classname="prec.Grouping"/>
</testsuite> <!-- prec.Grouping -->
