<?xml version="1.0" encoding="UTF-8"?>
<!-- Generated by org.testng.reporters.JUnitReportReporter -->
<testsuite skipped="2" hostname="DESKTOP-G2F8N5K" name="prec.PriorityPrec" tests="6" failures="0" timestamp="31 Mar 2019 16:07:54 GMT" time="0.016" errors="0">
  <testcase name="RunThisTest" time="0.016" classname="prec.PriorityPrec"/>
  <testcase name="logInTest" time="0.000" classname="prec.PriorityPrec"/>
  <testcase name="changePass" time="0.000" classname="prec.PriorityPrec"/>
  <testcase name="logOutTest" time="0.000" classname="prec.PriorityPrec"/>
  <testcase name="goinToSkipTest" time="0.000" classname="prec.PriorityPrec">
    <skipped/>
  </testcase> <!-- goinToSkipTest -->
  <testcase name="dontRunThisTest" classname="prec.PriorityPrec">
    <skipped/>
  </testcase> <!-- dontRunThisTest -->
</testsuite> <!-- prec.PriorityPrec -->
