<?xml version="1.0" encoding="UTF-8"?>
<!-- Generated by org.testng.reporters.JUnitReportReporter -->
<testsuite skipped="0" hostname="DESKTOP-G2F8N5K" name="prec.Annotation" tests="2" failures="0" timestamp="31 Mar 2019 15:58:31 GMT" time="0.000" errors="0">
  <testcase name="myTest" time="0.000" classname="prec.Annotation"/>
  <testcase name="my2Test" time="0.000" classname="prec.Annotation"/>
</testsuite> <!-- prec.Annotation -->
